# JRE version: OpenJDK Runtime Environment (8.0_152-b01) (build 1.8.0_152-release-1343-b01)
# Java VM: OpenJDK 64-Bit Server VM (25.152-b01 mixed mode windows-amd64 compressed oops)
Heap:
 PSYoungGen      total 458752K, used 318843K [0x00000000e0000000, 0x00000000ffa80000, 0x0000000100000000)
  eden space 401408K, 75% used [0x00000000e0000000,0x00000000f26b4668,0x00000000f8800000)
  from space 57344K, 29% used [0x00000000f8800000,0x00000000f98aa6b0,0x00000000fc000000)
  to   space 53760K, 0% used [0x00000000fc600000,0x00000000fc600000,0x00000000ffa80000)
 ParOldGen       total 457728K, used 143857K [0x00000000a0000000, 0x00000000bbf00000, 0x00000000e0000000)
  object space 457728K, 31% used [0x00000000a0000000,0x00000000a8c7c630,0x00000000bbf00000)
 Metaspace       used 158177K, capacity 167326K, committed 167468K, reserved 1196032K
  class space    used 19295K, capacity 20933K, committed 21036K, reserved 1048576K
GC Heap History (10 events):
Event: 11564.697 GC heap before
{Heap before GC invocations=68 (full 5):
 PSYoungGen      total 444928K, used 384199K [0x00000000e0000000, 0x00000000ff780000, 0x0000000100000000)
  eden space 373760K, 99% used [0x00000000e0000000,0x00000000f6cf6128,0x00000000f6d00000)
  from space 71168K, 14% used [0x00000000fb200000,0x00000000fbc3bc48,0x00000000ff780000)
  to   space 70656K, 0% used [0x00000000f6d00000,0x00000000f6d00000,0x00000000fb200000)
 ParOldGen       total 457728K, used 141810K [0x00000000a0000000, 0x00000000bbf00000, 0x00000000e0000000)
  object space 457728K, 30% used [0x00000000a0000000,0x00000000a8a7c8a8,0x00000000bbf00000)
 Metaspace       used 157424K, capacity 166442K, committed 166572K, reserved 1196032K
  class space    used 19228K, capacity 20823K, committed 20908K, reserved 1048576K
Event: 11564.720 GC heap after
Heap after GC invocations=68 (full 5):
 PSYoungGen      total 444416K, used 13685K [0x00000000e0000000, 0x00000000ff880000, 0x0000000100000000)
  eden space 373760K, 0% used [0x00000000e0000000,0x00000000e0000000,0x00000000f6d00000)
  from space 70656K, 19% used [0x00000000f6d00000,0x00000000f7a5d5d8,0x00000000fb200000)
  to   space 67072K, 0% used [0x00000000fb700000,0x00000000fb700000,0x00000000ff880000)
 ParOldGen       total 457728K, used 143841K [0x00000000a0000000, 0x00000000bbf00000, 0x00000000e0000000)
  object space 457728K, 31% used [0x00000000a0000000,0x00000000a8c78630,0x00000000bbf00000)
 Metaspace       used 157424K, capacity 166442K, committed 166572K, reserved 1196032K
  class space    used 19228K, capacity 20823K, committed 20908K, reserved 1048576K
}
Event: 11714.188 GC heap before
{Heap before GC invocations=69 (full 5):
 PSYoungGen      total 444416K, used 383889K [0x00000000e0000000, 0x00000000ff880000, 0x0000000100000000)
  eden space 373760K, 99% used [0x00000000e0000000,0x00000000f6987070,0x00000000f6d00000)
  from space 70656K, 19% used [0x00000000f6d00000,0x00000000f7a5d5d8,0x00000000fb200000)
  to   space 67072K, 0% used [0x00000000fb700000,0x00000000fb700000,0x00000000ff880000)
 ParOldGen       total 457728K, used 143841K [0x00000000a0000000, 0x00000000bbf00000, 0x00000000e0000000)
  object space 457728K, 31% used [0x00000000a0000000,0x00000000a8c78630,0x00000000bbf00000)
 Metaspace       used 157493K, capacity 166594K, committed 166828K, reserved 1196032K
  class space    used 19230K, capacity 20827K, committed 20908K, reserved 1048576K
Event: 11714.202 GC heap after
Heap after GC invocations=69 (full 5):
 PSYoungGen      total 448512K, used 20091K [0x00000000e0000000, 0x00000000ff380000, 0x0000000100000000)
  eden space 386560K, 0% used [0x00000000e0000000,0x00000000e0000000,0x00000000f7980000)
  from space 61952K, 32% used [0x00000000fb700000,0x00000000fca9ed68,0x00000000ff380000)
  to   space 62464K, 0% used [0x00000000f7980000,0x00000000f7980000,0x00000000fb680000)
 ParOldGen       total 457728K, used 143841K [0x00000000a0000000, 0x00000000bbf00000, 0x00000000e0000000)
  object space 457728K, 31% used [0x00000000a0000000,0x00000000a8c78630,0x00000000bbf00000)
 Metaspace       used 157493K, capacity 166594K, committed 166828K, reserved 1196032K
  class space    used 19230K, capacity 20827K, committed 20908K, reserved 1048576K
}
Event: 11812.016 GC heap before
{Heap before GC invocations=70 (full 5):
 PSYoungGen      total 448512K, used 406651K [0x00000000e0000000, 0x00000000ff380000, 0x0000000100000000)
  eden space 386560K, 100% used [0x00000000e0000000,0x00000000f7980000,0x00000000f7980000)
  from space 61952K, 32% used [0x00000000fb700000,0x00000000fca9ed68,0x00000000ff380000)
  to   space 62464K, 0% used [0x00000000f7980000,0x00000000f7980000,0x00000000fb680000)
 ParOldGen       total 457728K, used 143841K [0x00000000a0000000, 0x00000000bbf00000, 0x00000000e0000000)
  object space 457728K, 31% used [0x00000000a0000000,0x00000000a8c78630,0x00000000bbf00000)
 Metaspace       used 157546K, capacity 166726K, committed 166828K, reserved 1196032K
  class space    used 19230K, capacity 20827K, committed 20908K, reserved 1048576K
Event: 11812.027 GC heap after
Heap after GC invocations=70 (full 5):
 PSYoungGen      total 449024K, used 9530K [0x00000000e0000000, 0x00000000ffc80000, 0x0000000100000000)
  eden space 386560K, 0% used [0x00000000e0000000,0x00000000e0000000,0x00000000f7980000)
  from space 62464K, 15% used [0x00000000f7980000,0x00000000f82ce928,0x00000000fb680000)
  to   space 60416K, 0% used [0x00000000fc180000,0x00000000fc180000,0x00000000ffc80000)
 ParOldGen       total 457728K, used 143841K [0x00000000a0000000, 0x00000000bbf00000, 0x00000000e0000000)
  object space 457728K, 31% used [0x00000000a0000000,0x00000000a8c78630,0x00000000bbf00000)
 Metaspace       used 157546K, capacity 166726K, committed 166828K, reserved 1196032K
  class space    used 19230K, capacity 20827K, committed 20908K, reserved 1048576K
}
Event: 11961.629 GC heap before
{Heap before GC invocations=71 (full 5):
 PSYoungGen      total 449024K, used 396090K [0x00000000e0000000, 0x00000000ffc80000, 0x0000000100000000)
  eden space 386560K, 100% used [0x00000000e0000000,0x00000000f7980000,0x00000000f7980000)
  from space 62464K, 15% used [0x00000000f7980000,0x00000000f82ce928,0x00000000fb680000)
  to   space 60416K, 0% used [0x00000000fc180000,0x00000000fc180000,0x00000000ffc80000)
 ParOldGen       total 457728K, used 143841K [0x00000000a0000000, 0x00000000bbf00000, 0x00000000e0000000)
  object space 457728K, 31% used [0x00000000a0000000,0x00000000a8c78630,0x00000000bbf00000)
 Metaspace       used 157636K, capacity 166790K, committed 167084K, reserved 1196032K
  class space    used 19233K, capacity 20827K, committed 20908K, reserved 1048576K
Event: 11961.640 GC heap after
Heap after GC invocations=71 (full 5):
 PSYoungGen      total 457216K, used 11095K [0x00000000e0000000, 0x00000000ff800000, 0x0000000100000000)
  eden space 401408K, 0% used [0x00000000e0000000,0x00000000e0000000,0x00000000f8800000)
  from space 55808K, 19% used [0x00000000fc180000,0x00000000fcc55e50,0x00000000ff800000)
  to   space 57344K, 0% used [0x00000000f8800000,0x00000000f8800000,0x00000000fc000000)
 ParOldGen       total 457728K, used 143849K [0x00000000a0000000, 0x00000000bbf00000, 0x00000000e0000000)
  object space 457728K, 31% used [0x00000000a0000000,0x00000000a8c7a630,0x00000000bbf00000)
 Metaspace       used 157636K, capacity 166790K, committed 167084K, reserved 1196032K
  class space    used 19233K, capacity 20827K, committed 20908K, reserved 1048576K
}
Event: 12267.558 GC heap before
{Heap before GC invocations=72 (full 5):
 PSYoungGen      total 457216K, used 412503K [0x00000000e0000000, 0x00000000ff800000, 0x0000000100000000)
  eden space 401408K, 100% used [0x00000000e0000000,0x00000000f8800000,0x00000000f8800000)
  from space 55808K, 19% used [0x00000000fc180000,0x00000000fcc55e50,0x00000000ff800000)
  to   space 57344K, 0% used [0x00000000f8800000,0x00000000f8800000,0x00000000fc000000)
 ParOldGen       total 457728K, used 143849K [0x00000000a0000000, 0x00000000bbf00000, 0x00000000e0000000)
  object space 457728K, 31% used [0x00000000a0000000,0x00000000a8c7a630,0x00000000bbf00000)
 Metaspace       used 157725K, capacity 166866K, committed 167084K, reserved 1196032K
  class space    used 19235K, capacity 20829K, committed 20908K, reserved 1048576K
Event: 12267.581 GC heap after
Heap after GC invocations=72 (full 5):
 PSYoungGen      total 458752K, used 17065K [0x00000000e0000000, 0x00000000ffa80000, 0x0000000100000000)
  eden space 401408K, 0% used [0x00000000e0000000,0x00000000e0000000,0x00000000f8800000)
  from space 57344K, 29% used [0x00000000f8800000,0x00000000f98aa6b0,0x00000000fc000000)
  to   space 53760K, 0% used [0x00000000fc600000,0x00000000fc600000,0x00000000ffa80000)
 ParOldGen       total 457728K, used 143857K [0x00000000a0000000, 0x00000000bbf00000, 0x00000000e0000000)
  object space 457728K, 31% used [0x00000000a0000000,0x00000000a8c7c630,0x00000000bbf00000)
 Metaspace       used 157725K, capacity 166866K, committed 167084K, reserved 1196032K
  class space    used 19235K, capacity 20829K, committed 20908K, reserved 1048576K
}

